<?xml version="1.0" encoding="UTF-8"?>
<!-- Generated by org.testng.reporters.JUnitReportReporter -->
<testsuite hostname="Jisha-HP-ENVY-Laptop" failures="0" tests="1" name="script.AddProducttoCartbyCategoryWOL" time="60.083" errors="0" timestamp="2023-07-14T13:34:29 IST" skipped="0">
  <testcase classname="script.AddProducttoCartbyCategoryWOL" name="AddprodbycategoryWithOutLogin" time="60.083"/>
  <system-out/>
</testsuite> <!-- script.AddProducttoCartbyCategoryWOL -->
