<?xml version="1.0" encoding="UTF-8"?>
<!-- Generated by org.testng.reporters.JUnitReportReporter -->
<testsuite hostname="Jisha-HP-ENVY-Laptop" failures="0" tests="1" name="script.NewCustomerChecoutForValidatingGC" time="63.140" errors="0" timestamp="2023-07-14T16:21:50 IST" skipped="0">
  <testcase classname="script.NewCustomerChecoutForValidatingGC" name="NewCustomerForGCValidation" time="63.140"/>
  <system-out/>
</testsuite> <!-- script.NewCustomerChecoutForValidatingGC -->
