<?xml version="1.0" encoding="UTF-8"?>
<!-- Generated by org.testng.reporters.JUnitReportReporter -->
<testsuite hostname="Jisha-HP-ENVY-Laptop" failures="0" tests="1" name="script.AddProducttoCartbyStoreWLogin" time="173.208" errors="0" timestamp="2023-07-18T11:07:25 IST" skipped="0">
  <testcase classname="script.AddProducttoCartbyStoreWLogin" name="AddProductToCartByStoreWithLogin" time="173.208"/>
  <system-out/>
</testsuite> <!-- script.AddProducttoCartbyStoreWLogin -->
